2020-07-05 17:46:20,264 DEBUG com.bitlab.controller.DepartmentManagement [main] Mostrando menu principal
2020-07-05 17:46:27,939 DEBUG com.bitlab.controller.DepartmentManagement [main] Mostrando menu de gestión de usuarios
2020-07-05 18:25:51,547 DEBUG com.bitlab.controller.DepartmentManagement [main] Mostrando menu principal
2020-07-05 18:26:32,869 DEBUG com.bitlab.controller.DepartmentManagement [main] Mostrando menu de gestión de usuarios
2020-07-05 18:37:28,230 DEBUG com.bitlab.controller.DepartmentManagement [main] Mostrando menu principal
2020-07-05 18:37:56,075 DEBUG com.bitlab.controller.DepartmentManagement [main] Mostrando menu de gestión de usuarios
2020-07-05 18:38:15,029 DEBUG com.bitlab.controller.DepartmentManagement [main] Ingresando a metodo captureData
2020-07-05 18:38:15,067 DEBUG com.bitlab.controller.DepartmentManagement [main] Setendo nombre de empleado
2020-07-05 18:38:22,979 DEBUG com.bitlab.controller.DepartmentManagement [main] Seteando apellido de empleado
2020-07-05 18:38:27,194 DEBUG com.bitlab.controller.DepartmentManagement [main] Seteando fecha de nacimiento
2020-07-05 18:38:40,906 DEBUG com.bitlab.controller.DepartmentManagement [main] Creando istancia de DepartamentDao
2020-07-05 18:38:40,906 DEBUG com.bitlab.controller.DepartmentManagement [main] Cargando lista de departamentos disponibles
2020-07-05 18:47:08,709 DEBUG com.bitlab.controller.DepartmentManagement [main] Mostrando menu principal
2020-07-05 18:47:12,861 DEBUG com.bitlab.controller.DepartmentManagement [main] Mostrando menu de gestión de usuarios
2020-07-05 18:47:15,364 DEBUG com.bitlab.controller.DepartmentManagement [main] Ingresando a metodo captureData
2020-07-05 18:47:15,364 DEBUG com.bitlab.controller.DepartmentManagement [main] Setendo nombre de empleado
2020-07-05 18:47:18,723 DEBUG com.bitlab.controller.DepartmentManagement [main] Seteando apellido de empleado
2020-07-05 18:47:20,583 DEBUG com.bitlab.controller.DepartmentManagement [main] Seteando fecha de nacimiento
2020-07-05 18:47:26,303 DEBUG com.bitlab.controller.DepartmentManagement [main] Creando istancia de DepartamentDao
2020-07-05 18:47:26,303 DEBUG com.bitlab.controller.DepartmentManagement [main] Cargando lista de departamentos disponibles
2020-07-05 18:47:54,031 DEBUG com.bitlab.controller.DepartmentManagement [main] Mostrando menu principal
2020-07-05 18:47:57,735 DEBUG com.bitlab.controller.DepartmentManagement [main] Mostrando menu de gestión de usuarios
2020-07-05 18:47:59,171 DEBUG com.bitlab.controller.DepartmentManagement [main] Ingresando a metodo captureData
2020-07-05 18:47:59,171 DEBUG com.bitlab.controller.DepartmentManagement [main] Setendo nombre de empleado
2020-07-05 18:48:00,190 DEBUG com.bitlab.controller.DepartmentManagement [main] Seteando apellido de empleado
2020-07-05 18:48:01,078 DEBUG com.bitlab.controller.DepartmentManagement [main] Seteando fecha de nacimiento
2020-07-05 18:48:05,910 DEBUG com.bitlab.controller.DepartmentManagement [main] Creando istancia de DepartamentDao
2020-07-05 18:48:05,910 DEBUG com.bitlab.controller.DepartmentManagement [main] Cargando lista de departamentos disponibles
2020-07-05 18:51:28,006 DEBUG com.bitlab.controller.DepartmentManagement [main] Mostrando menu principal
2020-07-05 18:51:31,349 DEBUG com.bitlab.controller.DepartmentManagement [main] Mostrando menu de gestión de usuarios
2020-07-05 18:51:32,569 DEBUG com.bitlab.controller.DepartmentManagement [main] Ingresando a metodo captureData
2020-07-05 18:51:32,569 DEBUG com.bitlab.controller.DepartmentManagement [main] Setendo nombre de empleado
2020-07-05 18:51:33,673 DEBUG com.bitlab.controller.DepartmentManagement [main] Seteando apellido de empleado
2020-07-05 18:51:34,429 DEBUG com.bitlab.controller.DepartmentManagement [main] Seteando fecha de nacimiento
2020-07-05 18:51:40,429 DEBUG com.bitlab.controller.DepartmentManagement [main] Creando istancia de DepartamentDao
2020-07-05 18:51:40,429 DEBUG com.bitlab.controller.DepartmentManagement [main] Cargando lista de departamentos disponibles
2020-07-05 18:53:55,461 DEBUG com.bitlab.controller.DepartmentManagement [main] Mostrando menu principal
2020-07-05 18:53:58,610 DEBUG com.bitlab.controller.DepartmentManagement [main] Mostrando menu de gestión de usuarios
2020-07-05 18:53:59,891 DEBUG com.bitlab.controller.DepartmentManagement [main] Ingresando a metodo captureData
2020-07-05 18:53:59,891 DEBUG com.bitlab.controller.DepartmentManagement [main] Setendo nombre de empleado
2020-07-05 18:54:01,249 DEBUG com.bitlab.controller.DepartmentManagement [main] Seteando apellido de empleado
2020-07-05 18:54:02,206 DEBUG com.bitlab.controller.DepartmentManagement [main] Seteando fecha de nacimiento
2020-07-05 18:54:06,762 DEBUG com.bitlab.controller.DepartmentManagement [main] Creando istancia de DepartamentDao
2020-07-05 18:54:06,762 DEBUG com.bitlab.controller.DepartmentManagement [main] Cargando lista de departamentos disponibles
2020-07-05 18:55:07,117 DEBUG com.bitlab.controller.DepartmentManagement [main] Mostrando menu principal
2020-07-05 18:55:10,432 DEBUG com.bitlab.controller.DepartmentManagement [main] Mostrando menu de gestión de usuarios
2020-07-05 18:55:11,451 DEBUG com.bitlab.controller.DepartmentManagement [main] Ingresando a metodo captureData
2020-07-05 18:55:11,451 DEBUG com.bitlab.controller.DepartmentManagement [main] Setendo nombre de empleado
2020-07-05 18:55:12,508 DEBUG com.bitlab.controller.DepartmentManagement [main] Seteando apellido de empleado
2020-07-05 18:55:13,374 DEBUG com.bitlab.controller.DepartmentManagement [main] Seteando fecha de nacimiento
2020-07-05 18:55:23,246 DEBUG com.bitlab.controller.DepartmentManagement [main] Creando istancia de DepartamentDao
2020-07-05 18:55:23,246 DEBUG com.bitlab.controller.DepartmentManagement [main] Cargando lista de departamentos disponibles
2020-07-05 18:55:53,098 DEBUG com.bitlab.controller.DepartmentManagement [main] Mostrando menu principal
2020-07-05 18:55:56,008 DEBUG com.bitlab.controller.DepartmentManagement [main] Mostrando menu de gestión de usuarios
2020-07-05 18:55:57,027 DEBUG com.bitlab.controller.DepartmentManagement [main] Ingresando a metodo captureData
2020-07-05 18:55:57,027 DEBUG com.bitlab.controller.DepartmentManagement [main] Setendo nombre de empleado
2020-07-05 18:55:57,814 DEBUG com.bitlab.controller.DepartmentManagement [main] Seteando apellido de empleado
2020-07-05 18:55:58,545 DEBUG com.bitlab.controller.DepartmentManagement [main] Seteando fecha de nacimiento
2020-07-05 18:56:03,864 DEBUG com.bitlab.controller.DepartmentManagement [main] Creando istancia de DepartamentDao
2020-07-05 18:56:03,864 DEBUG com.bitlab.controller.DepartmentManagement [main] Cargando lista de departamentos disponibles
2020-07-05 20:13:42,602 DEBUG com.bitlab.controller.DepartmentManagement [main] Mostrando menu principal
2020-07-05 20:13:46,359 DEBUG com.bitlab.controller.DepartmentManagement [main] Mostrando menu de gestión de usuarios
2020-07-05 20:13:47,683 DEBUG com.bitlab.controller.DepartmentManagement [main] Ingresando a metodo captureData
2020-07-05 20:13:47,684 DEBUG com.bitlab.controller.DepartmentManagement [main] Setendo nombre de empleado
2020-07-05 20:13:48,689 DEBUG com.bitlab.controller.DepartmentManagement [main] Seteando apellido de empleado
2020-07-05 20:13:49,405 DEBUG com.bitlab.controller.DepartmentManagement [main] Seteando fecha de nacimiento
2020-07-05 20:13:57,898 DEBUG com.bitlab.controller.DepartmentManagement [main] Creando istancia de DepartamentDao
2020-07-05 20:13:57,900 DEBUG com.bitlab.controller.DepartmentManagement [main] Cargando lista de departamentos disponibles
2020-07-05 20:24:40,264 DEBUG com.bitlab.controller.DepartmentManagement [main] Mostrando menu principal
2020-07-05 20:24:44,265 DEBUG com.bitlab.controller.DepartmentManagement [main] Mostrando menu de gestión de usuarios
2020-07-05 20:24:46,198 DEBUG com.bitlab.controller.DepartmentManagement [main] Ingresando a metodo captureData
2020-07-05 20:24:46,198 DEBUG com.bitlab.controller.DepartmentManagement [main] Setendo nombre de empleado
2020-07-05 20:24:47,904 DEBUG com.bitlab.controller.DepartmentManagement [main] Seteando apellido de empleado
2020-07-05 20:24:49,296 DEBUG com.bitlab.controller.DepartmentManagement [main] Seteando fecha de nacimiento
2020-07-05 20:25:16,706 DEBUG com.bitlab.controller.DepartmentManagement [main] Creando istancia de DepartamentDao
2020-07-05 20:25:16,707 DEBUG com.bitlab.controller.DepartmentManagement [main] Cargando lista de departamentos disponibles
2020-07-05 20:31:36,521 DEBUG com.bitlab.controller.DepartmentManagement [main] Mostrando menu principal
2020-07-05 20:31:40,057 DEBUG com.bitlab.controller.DepartmentManagement [main] Mostrando menu de gestión de usuarios
2020-07-05 20:31:41,002 DEBUG com.bitlab.controller.DepartmentManagement [main] Ingresando a metodo captureData
2020-07-05 20:31:41,003 DEBUG com.bitlab.controller.DepartmentManagement [main] Setendo nombre de empleado
2020-07-05 20:31:42,882 DEBUG com.bitlab.controller.DepartmentManagement [main] Seteando apellido de empleado
2020-07-05 20:31:43,907 DEBUG com.bitlab.controller.DepartmentManagement [main] Seteando fecha de nacimiento
2020-07-05 20:31:50,247 DEBUG com.bitlab.controller.DepartmentManagement [main] Creando istancia de DepartamentDao
2020-07-05 20:31:50,248 DEBUG com.bitlab.controller.DepartmentManagement [main] Cargando lista de departamentos disponibles
2020-07-05 20:34:37,302 DEBUG com.bitlab.controller.DepartmentManagement [main] Mostrando menu principal
2020-07-05 20:34:40,548 DEBUG com.bitlab.controller.DepartmentManagement [main] Mostrando menu de gestión de usuarios
2020-07-05 20:39:38,852 DEBUG com.bitlab.controller.DepartmentManagement [main] Ingresando a metodo captureData
2020-07-05 20:39:38,852 DEBUG com.bitlab.controller.DepartmentManagement [main] Setendo nombre de empleado
2020-07-05 20:40:08,416 DEBUG com.bitlab.controller.DepartmentManagement [main] Seteando apellido de empleado
2020-07-05 20:40:12,768 DEBUG com.bitlab.controller.DepartmentManagement [main] Seteando fecha de nacimiento
2020-07-05 20:40:29,811 DEBUG com.bitlab.controller.DepartmentManagement [main] Creando istancia de DepartamentDao
2020-07-05 20:40:29,811 DEBUG com.bitlab.controller.DepartmentManagement [main] Cargando lista de departamentos disponibles
2020-07-05 20:41:06,386 DEBUG com.bitlab.controller.DepartmentManagement [main] Mostrando menu principal
2020-07-05 20:41:10,246 DEBUG com.bitlab.controller.DepartmentManagement [main] Mostrando menu de gestión de usuarios
2020-07-05 20:41:11,615 DEBUG com.bitlab.controller.DepartmentManagement [main] Ingresando a metodo captureData
2020-07-05 20:41:11,616 DEBUG com.bitlab.controller.DepartmentManagement [main] Setendo nombre de empleado
2020-07-05 20:41:14,334 DEBUG com.bitlab.controller.DepartmentManagement [main] Seteando apellido de empleado
2020-07-05 20:41:15,033 DEBUG com.bitlab.controller.DepartmentManagement [main] Seteando fecha de nacimiento
2020-07-05 20:41:23,452 DEBUG com.bitlab.controller.DepartmentManagement [main] Creando istancia de DepartamentDao
2020-07-05 20:41:23,452 DEBUG com.bitlab.controller.DepartmentManagement [main] Cargando lista de departamentos disponibles
2020-07-05 20:49:10,343 DEBUG com.bitlab.controller.DepartmentManagement [main] Mostrando menu principal
2020-07-05 20:49:13,647 DEBUG com.bitlab.controller.DepartmentManagement [main] Mostrando menu de gestión de usuarios
2020-07-05 20:49:15,552 DEBUG com.bitlab.controller.DepartmentManagement [main] Ingresando a metodo captureData
2020-07-05 20:49:15,553 DEBUG com.bitlab.controller.DepartmentManagement [main] Setendo nombre de empleado
2020-07-05 20:49:16,989 DEBUG com.bitlab.controller.DepartmentManagement [main] Seteando apellido de empleado
2020-07-05 20:49:20,977 DEBUG com.bitlab.controller.DepartmentManagement [main] Seteando fecha de nacimiento
2020-07-05 20:49:30,999 DEBUG com.bitlab.controller.DepartmentManagement [main] Creando istancia de DepartamentDao
2020-07-05 20:49:31,000 DEBUG com.bitlab.controller.DepartmentManagement [main] Cargando lista de departamentos disponibles
2020-07-05 20:52:37,584 DEBUG com.bitlab.controller.DepartmentManagement [main] Mostrando menu principal
2020-07-05 20:52:40,887 DEBUG com.bitlab.controller.DepartmentManagement [main] Mostrando menu de gestión de usuarios
2020-07-05 20:52:41,878 DEBUG com.bitlab.controller.DepartmentManagement [main] Ingresando a metodo captureData
2020-07-05 20:52:41,878 DEBUG com.bitlab.controller.DepartmentManagement [main] Setendo nombre de empleado
2020-07-05 20:52:42,858 DEBUG com.bitlab.controller.DepartmentManagement [main] Seteando apellido de empleado
2020-07-05 20:52:43,407 DEBUG com.bitlab.controller.DepartmentManagement [main] Seteando fecha de nacimiento
2020-07-05 20:52:48,467 DEBUG com.bitlab.controller.DepartmentManagement [main] Creando istancia de DepartamentDao
2020-07-05 20:52:48,468 DEBUG com.bitlab.controller.DepartmentManagement [main] Cargando lista de departamentos disponibles
2020-07-05 21:00:52,744 DEBUG com.bitlab.controller.DepartmentManagement [main] Mostrando menu principal
2020-07-05 21:00:58,067 DEBUG com.bitlab.controller.DepartmentManagement [main] Mostrando menu de gestión de usuarios
2020-07-05 21:01:00,828 DEBUG com.bitlab.controller.DepartmentManagement [main] Ingresando a metodo captureData
2020-07-05 21:01:00,828 DEBUG com.bitlab.controller.DepartmentManagement [main] Setendo nombre de empleado
2020-07-05 21:01:05,868 DEBUG com.bitlab.controller.DepartmentManagement [main] Seteando apellido de empleado
2020-07-05 21:01:08,645 DEBUG com.bitlab.controller.DepartmentManagement [main] Seteando fecha de nacimiento
2020-07-05 21:01:34,268 DEBUG com.bitlab.controller.DepartmentManagement [main] Creando istancia de DepartamentDao
2020-07-05 21:01:34,269 DEBUG com.bitlab.controller.DepartmentManagement [main] Cargando lista de departamentos disponibles
2020-07-05 21:16:07,505 DEBUG com.bitlab.controller.DepartmentManagement [main] Ingresando a metodo captureData
2020-07-05 21:16:07,507 DEBUG com.bitlab.controller.DepartmentManagement [main] Setendo nombre de empleado
2020-07-05 21:16:17,055 DEBUG com.bitlab.controller.DepartmentManagement [main] Seteando apellido de empleado
2020-07-05 21:16:21,606 DEBUG com.bitlab.controller.DepartmentManagement [main] Seteando fecha de nacimiento
2020-07-05 21:16:28,550 DEBUG com.bitlab.controller.DepartmentManagement [main] Creando istancia de DepartamentDao
2020-07-05 21:16:28,551 DEBUG com.bitlab.controller.DepartmentManagement [main] Cargando lista de departamentos disponibles
2020-07-05 21:18:06,040 DEBUG com.bitlab.controller.DepartmentManagement [main] Ingresando a metodo captureData
2020-07-05 21:18:06,043 DEBUG com.bitlab.controller.DepartmentManagement [main] Setendo nombre de empleado
2020-07-05 21:18:11,182 DEBUG com.bitlab.controller.DepartmentManagement [main] Seteando apellido de empleado
2020-07-05 21:18:13,160 DEBUG com.bitlab.controller.DepartmentManagement [main] Seteando fecha de nacimiento
2020-07-05 21:18:17,944 DEBUG com.bitlab.controller.DepartmentManagement [main] Creando istancia de DepartamentDao
2020-07-05 21:18:17,946 DEBUG com.bitlab.controller.DepartmentManagement [main] Cargando lista de departamentos disponibles
2020-07-05 21:27:09,418 DEBUG com.bitlab.controller.DepartmentManagement [main] Ingresando a metodo captureData
2020-07-05 21:27:09,421 DEBUG com.bitlab.controller.DepartmentManagement [main] Setendo nombre de empleado
2020-07-05 21:27:13,230 DEBUG com.bitlab.controller.DepartmentManagement [main] Seteando apellido de empleado
2020-07-05 21:27:15,114 DEBUG com.bitlab.controller.DepartmentManagement [main] Seteando fecha de nacimiento
2020-07-05 21:27:30,364 DEBUG com.bitlab.controller.DepartmentManagement [main] Creando istancia de DepartamentDao
2020-07-05 21:27:30,366 DEBUG com.bitlab.controller.DepartmentManagement [main] Cargando lista de departamentos disponibles
2020-07-05 21:35:52,317 DEBUG com.bitlab.controller.DepartmentManagement [main] Ingresando a metodo captureData
2020-07-05 21:35:52,319 DEBUG com.bitlab.controller.DepartmentManagement [main] Setendo nombre de empleado
2020-07-05 21:35:55,574 DEBUG com.bitlab.controller.DepartmentManagement [main] Seteando apellido de empleado
2020-07-05 21:35:57,691 DEBUG com.bitlab.controller.DepartmentManagement [main] Seteando fecha de nacimiento
2020-07-05 21:36:10,415 DEBUG com.bitlab.controller.DepartmentManagement [main] Creando istancia de DepartamentDao
2020-07-05 21:36:10,416 DEBUG com.bitlab.controller.DepartmentManagement [main] Cargando lista de departamentos disponibles
